android/app/build/intermediates/manifest_merge_blame_file/debug/manifest-merger-blame-debug-report.txt
1<?xml version="1.0" encoding="utf-8"?>
2<manifest xmlns:android="http://schemas.android.com/apk/res/android"
3    package="com.htmlpdf"
4    android:versionCode="1"
5    android:versionName="1.0" >
6
7    <uses-sdk
8        android:minSdkVersion="21"
9        android:targetSdkVersion="33" />
10
11    <uses-permission android:name="android.permission.SYSTEM_ALERT_WINDOW" />
11-->src\debug\AndroidManifest.xml:5:5-77
11-->src\debug\AndroidManifest.xml:5:22-75
12    <uses-permission android:name="android.permission.INTERNET" />
12-->src\main\AndroidManifest.xml:3:5-67
12-->src\main\AndroidManifest.xml:3:22-64
13    <uses-permission android:name="android.permission.WRITE_EXTERNAL_STORAGE" />
13-->src\main\AndroidManifest.xml:4:5-80
13-->src\main\AndroidManifest.xml:4:22-78
14
15    <queries>
15-->src\main\AndroidManifest.xml:26:5-32:15
16        <intent>
16-->src\main\AndroidManifest.xml:27:7-31:16
17            <action android:name="android.intent.action.VIEW" />
17-->src\main\AndroidManifest.xml:28:9-61
17-->src\main\AndroidManifest.xml:28:17-58
18            <!-- If you don't know the MIME type in advance, set "mimeType" to "/". -->
19            <data android:mimeType="application/pdf" />
19-->src\main\AndroidManifest.xml:30:9-52
19-->src\main\AndroidManifest.xml:30:15-49
20        </intent>
21    </queries>
22
23    <uses-permission android:name="android.permission.ACCESS_WIFI_STATE" />
23-->[com.facebook.flipper:flipper:0.182.0] AndroidManifest.xml:16:5-76
23-->[com.facebook.flipper:flipper:0.182.0] AndroidManifest.xml:16:22-73
24    <uses-permission android:name="android.permission.READ_EXTERNAL_STORAGE" />
25
26    <application
26-->src\main\AndroidManifest.xml:6:5-25:19
27        android:name="com.htmlpdf.MainApplication"
27-->src\main\AndroidManifest.xml:7:7-38
28        android:allowBackup="false"
28-->src\main\AndroidManifest.xml:11:7-34
29        android:appComponentFactory="androidx.core.app.CoreComponentFactory"
29-->[androidx.core:core:1.7.0] AndroidManifest.xml:24:18-86
30        android:debuggable="true"
31        android:icon="@mipmap/ic_launcher"
31-->src\main\AndroidManifest.xml:9:7-41
32        android:label="@string/app_name"
32-->src\main\AndroidManifest.xml:8:7-39
33        android:roundIcon="@mipmap/ic_launcher_round"
33-->src\main\AndroidManifest.xml:10:7-52
34        android:theme="@style/AppTheme"
34-->src\main\AndroidManifest.xml:12:7-38
35        android:usesCleartextTraffic="true" >
35-->src\debug\AndroidManifest.xml:8:9-44
36        <activity
36-->src\debug\AndroidManifest.xml:11:9-111
37            android:name="com.facebook.react.devsupport.DevSettingsActivity"
37-->src\debug\AndroidManifest.xml:11:19-83
38            android:exported="false" />
38-->src\debug\AndroidManifest.xml:11:84-108
39        <activity
39-->src\main\AndroidManifest.xml:13:7-24:18
40            android:name="com.htmlpdf.MainActivity"
40-->src\main\AndroidManifest.xml:14:9-37
41            android:configChanges="keyboard|keyboardHidden|orientation|screenLayout|screenSize|smallestScreenSize|uiMode"
41-->src\main\AndroidManifest.xml:16:9-118
42            android:exported="true"
42-->src\main\AndroidManifest.xml:19:9-32
43            android:label="@string/app_name"
43-->src\main\AndroidManifest.xml:15:9-41
44            android:launchMode="singleTask"
44-->src\main\AndroidManifest.xml:17:9-40
45            android:windowSoftInputMode="adjustResize" >
45-->src\main\AndroidManifest.xml:18:9-51
46            <intent-filter>
46-->src\main\AndroidManifest.xml:20:9-23:25
47                <action android:name="android.intent.action.MAIN" />
47-->src\main\AndroidManifest.xml:21:13-65
47-->src\main\AndroidManifest.xml:21:21-62
48
49                <category android:name="android.intent.category.LAUNCHER" />
49-->src\main\AndroidManifest.xml:22:13-73
49-->src\main\AndroidManifest.xml:22:23-70
50            </intent-filter>
51        </activity>
52
53        <provider
53-->[:react-native-file-viewer] AndroidManifest.xml:8:9-16:20
54            android:name="com.vinzscam.reactnativefileviewer.FileProvider"
54-->[:react-native-file-viewer] AndroidManifest.xml:9:13-75
55            android:authorities="com.htmlpdf.provider"
55-->[:react-native-file-viewer] AndroidManifest.xml:10:13-60
56            android:exported="false"
56-->[:react-native-file-viewer] AndroidManifest.xml:11:13-37
57            android:grantUriPermissions="true" >
57-->[:react-native-file-viewer] AndroidManifest.xml:12:13-47
58            <meta-data
58-->[:react-native-file-viewer] AndroidManifest.xml:13:13-15:70
59                android:name="android.support.FILE_PROVIDER_PATHS"
59-->[:react-native-file-viewer] AndroidManifest.xml:14:17-67
60                android:resource="@xml/file_viewer_provider_paths" />
60-->[:react-native-file-viewer] AndroidManifest.xml:15:17-67
61        </provider>
62
63        <meta-data
63-->[com.facebook.soloader:soloader:0.10.5] AndroidManifest.xml:12:9-14:37
64            android:name="com.facebook.soloader.enabled"
64-->[com.facebook.soloader:soloader:0.10.5] AndroidManifest.xml:13:13-57
65            android:value="false" />
65-->[com.facebook.soloader:soloader:0.10.5] AndroidManifest.xml:14:13-34
66
67        <provider
67-->[androidx.emoji2:emoji2:1.0.0] AndroidManifest.xml:26:9-34:20
68            android:name="androidx.startup.InitializationProvider"
68-->[androidx.emoji2:emoji2:1.0.0] AndroidManifest.xml:27:13-67
69            android:authorities="com.htmlpdf.androidx-startup"
69-->[androidx.emoji2:emoji2:1.0.0] AndroidManifest.xml:28:13-68
70            android:exported="false" >
70-->[androidx.emoji2:emoji2:1.0.0] AndroidManifest.xml:29:13-37
71            <meta-data
71-->[androidx.emoji2:emoji2:1.0.0] AndroidManifest.xml:31:13-33:52
72                android:name="androidx.emoji2.text.EmojiCompatInitializer"
72-->[androidx.emoji2:emoji2:1.0.0] AndroidManifest.xml:32:17-75
73                android:value="androidx.startup" />
73-->[androidx.emoji2:emoji2:1.0.0] AndroidManifest.xml:33:17-49
74            <meta-data
74-->[androidx.lifecycle:lifecycle-process:2.4.0] AndroidManifest.xml:31:13-33:52
75                android:name="androidx.lifecycle.ProcessLifecycleInitializer"
75-->[androidx.lifecycle:lifecycle-process:2.4.0] AndroidManifest.xml:32:17-78
76                android:value="androidx.startup" />
76-->[androidx.lifecycle:lifecycle-process:2.4.0] AndroidManifest.xml:33:17-49
77        </provider>
78    </application>
79
80</manifest>